mobile/build/app/outputs/logs/manifest-merger-debug-report.txt
-- Merging decision tree log ---
manifest
ADDED from src/main/AndroidManifest.xml:1:1-49:12
INJECTED from src/main/AndroidManifest.xml:1:1-49:12
INJECTED from src/main/AndroidManifest.xml:1:1-49:12
INJECTED from src/main/AndroidManifest.xml:1:1-49:12
MERGED from src/main/AndroidManifest.xml:1:1-49:12
MERGED from [:shared_preferences] AndroidManifest.xml:2:1-7:12
MERGED from [:permission_handler] AndroidManifest.xml:2:1-7:12
MERGED from [:image_picker] AndroidManifest.xml:2:1-22:12
MERGED from [:flutter_plugin_android_lifecycle] AndroidManifest.xml:2:1-7:12
MERGED from [:sqflite] AndroidManifest.xml:2:1-7:12
MERGED from [:path_provider] AndroidManifest.xml:2:1-7:12
MERGED from [:path_provider_ex] AndroidManifest.xml:2:1-7:12
MERGED from [:flutter_pdfview] AndroidManifest.xml:2:1-7:12
MERGED from [com.github.barteksc:android-pdf-viewer:3.1.0-beta.1] AndroidManifest.xml:2:1-11:12
MERGED from [com.github.barteksc:pdfium-android:1.9.0] AndroidManifest.xml:2:1-11:12
MERGED from [androidx.legacy:legacy-support-v4:1.0.0] AndroidManifest.xml:17:1-22:12
MERGED from [androidx.fragment:fragment:1.1.0] AndroidManifest.xml:17:1-24:12
MERGED from [androidx.legacy:legacy-support-core-ui:1.0.0] AndroidManifest.xml:17:1-22:12
MERGED from [androidx.viewpager:viewpager:1.0.0] AndroidManifest.xml:17:1-22:12
MERGED from [androidx.legacy:legacy-support-core-utils:1.0.0] AndroidManifest.xml:17:1-22:12
MERGED from [androidx.loader:loader:1.0.0] AndroidManifest.xml:17:1-22:12
MERGED from [androidx.activity:activity:1.0.0] AndroidManifest.xml:17:1-24:12
MERGED from [androidx.coordinatorlayout:coordinatorlayout:1.0.0] AndroidManifest.xml:17:1-22:12
MERGED from [androidx.drawerlayout:drawerlayout:1.0.0] AndroidManifest.xml:17:1-22:12
MERGED from [androidx.slidingpanelayout:slidingpanelayout:1.0.0] AndroidManifest.xml:17:1-22:12
MERGED from [androidx.customview:customview:1.0.0] AndroidManifest.xml:17:1-22:12
MERGED from [androidx.media:media:1.0.0] AndroidManifest.xml:17:1-22:12
MERGED from [androidx.swiperefreshlayout:swiperefreshlayout:1.0.0] AndroidManifest.xml:17:1-22:12
MERGED from [androidx.asynclayoutinflater:asynclayoutinflater:1.0.0] AndroidManifest.xml:17:1-22:12
MERGED from [androidx.core:core:1.1.0] AndroidManifest.xml:17:1-26:12
MERGED from [androidx.exifinterface:exifinterface:1.3.0] AndroidManifest.xml:17:1-24:12
MERGED from [androidx.lifecycle:lifecycle-runtime:2.2.0] AndroidManifest.xml:17:1-24:12
MERGED from [androidx.savedstate:savedstate:1.0.0] AndroidManifest.xml:17:1-24:12
MERGED from [androidx.lifecycle:lifecycle-livedata:2.0.0] AndroidManifest.xml:17:1-22:12
MERGED from [androidx.lifecycle:lifecycle-livedata-core:2.0.0] AndroidManifest.xml:17:1-22:12
MERGED from [androidx.versionedparcelable:versionedparcelable:1.1.0] AndroidManifest.xml:17:1-27:12
MERGED from [androidx.arch.core:core-runtime:2.0.0] AndroidManifest.xml:17:1-22:12
MERGED from [androidx.lifecycle:lifecycle-viewmodel:2.1.0] AndroidManifest.xml:17:1-22:12
MERGED from [androidx.documentfile:documentfile:1.0.0] AndroidManifest.xml:17:1-22:12
MERGED from [androidx.localbroadcastmanager:localbroadcastmanager:1.0.0] AndroidManifest.xml:17:1-22:12
MERGED from [androidx.print:print:1.0.0] AndroidManifest.xml:17:1-22:12
MERGED from [androidx.interpolator:interpolator:1.0.0] AndroidManifest.xml:17:1-22:12
MERGED from [androidx.cursoradapter:cursoradapter:1.0.0] AndroidManifest.xml:17:1-22:12
INJECTED from src/debug/AndroidManifest.xml:1:1-9:12
INJECTED from src/debug/AndroidManifest.xml:1:1-9:12
INJECTED from src/debug/AndroidManifest.xml:1:1-9:12
	package
		ADDED from src/main/AndroidManifest.xml:2:5-46
		INJECTED from src/main/AndroidManifest.xml
		INJECTED from src/debug/AndroidManifest.xml
	android:versionName
		INJECTED from src/main/AndroidManifest.xml
		ADDED from src/main/AndroidManifest.xml:1:1-49:12
		INJECTED from src/debug/AndroidManifest.xml
	android:versionCode
		INJECTED from src/main/AndroidManifest.xml
		ADDED from src/main/AndroidManifest.xml:1:1-49:12
		INJECTED from src/debug/AndroidManifest.xml
	xmlns:android
		ADDED from src/main/AndroidManifest.xml:1:11-69
uses-permission#android.permission.INTERNET
ADDED from src/main/AndroidManifest.xml:4:5-67
MERGED from src/main/AndroidManifest.xml:4:5-67
MERGED from src/main/AndroidManifest.xml:4:5-67
	android:name
		ADDED from src/main/AndroidManifest.xml:4:22-64
uses-permission#android.permission.WRITE_EXTERNAL_STORAGE
ADDED from src/main/AndroidManifest.xml:5:5-80
MERGED from src/main/AndroidManifest.xml:5:5-80
MERGED from src/main/AndroidManifest.xml:5:5-80
MERGED from [:image_picker] AndroidManifest.xml:8:5-81
MERGED from [:image_picker] AndroidManifest.xml:8:5-81
	android:name
		ADDED from src/main/AndroidManifest.xml:5:22-78
uses-permission#android.permission.READ_EXTERNAL_STORAGE
ADDED from src/main/AndroidManifest.xml:6:5-79
MERGED from src/main/AndroidManifest.xml:6:5-79
MERGED from src/main/AndroidManifest.xml:6:5-79
MERGED from [:image_picker] AndroidManifest.xml:7:5-80
MERGED from [:image_picker] AndroidManifest.xml:7:5-80
	android:name
		ADDED from src/main/AndroidManifest.xml:6:22-77
application
ADDED from src/main/AndroidManifest.xml:9:4-48:19
MERGED from [:image_picker] AndroidManifest.xml:10:5-20:19
MERGED from [:image_picker] AndroidManifest.xml:10:5-20:19
MERGED from [androidx.core:core:1.1.0] AndroidManifest.xml:24:5-89
MERGED from [androidx.core:core:1.1.0] AndroidManifest.xml:24:5-89
MERGED from [androidx.versionedparcelable:versionedparcelable:1.1.0] AndroidManifest.xml:24:5-25:19
MERGED from [androidx.versionedparcelable:versionedparcelable:1.1.0] AndroidManifest.xml:24:5-25:19
	android:requestLegacyExternalStorage
		ADDED from src/main/AndroidManifest.xml:10:9-52
	android:appComponentFactory
		ADDED from [androidx.core:core:1.1.0] AndroidManifest.xml:24:18-86
	android:label
		ADDED from src/main/AndroidManifest.xml:11:9-44
	android:icon
		ADDED from src/main/AndroidManifest.xml:13:9-43
	android:usesCleartextTraffic
		ADDED from src/main/AndroidManifest.xml:12:9-44
activity#com.example.diploma_flutter_app.MainActivity
ADDED from src/main/AndroidManifest.xml:14:9-42:20
	android:launchMode
		ADDED from src/main/AndroidManifest.xml:16:13-43
	android:hardwareAccelerated
		ADDED from src/main/AndroidManifest.xml:19:13-47
	android:windowSoftInputMode
		ADDED from src/main/AndroidManifest.xml:20:13-55
	android:configChanges
		ADDED from src/main/AndroidManifest.xml:18:13-163
	android:theme
		ADDED from src/main/AndroidManifest.xml:17:13-47
	android:name
		ADDED from src/main/AndroidManifest.xml:15:13-41
meta-data#io.flutter.embedding.android.NormalTheme
ADDED from src/main/AndroidManifest.xml:25:13-28:17
	android:resource
		ADDED from src/main/AndroidManifest.xml:27:15-52
	android:name
		ADDED from src/main/AndroidManifest.xml:26:15-70
meta-data#io.flutter.embedding.android.SplashScreenDrawable
ADDED from src/main/AndroidManifest.xml:34:13-37:17
	android:resource
		ADDED from src/main/AndroidManifest.xml:36:15-61
	android:name
		ADDED from src/main/AndroidManifest.xml:35:15-79
intent-filter#action:name:android.intent.action.MAIN+category:name:android.intent.category.LAUNCHER
ADDED from src/main/AndroidManifest.xml:38:13-41:29
action#android.intent.action.MAIN
ADDED from src/main/AndroidManifest.xml:39:17-68
	android:name
		ADDED from src/main/AndroidManifest.xml:39:25-66
category#android.intent.category.LAUNCHER
ADDED from src/main/AndroidManifest.xml:40:17-76
	android:name
		ADDED from src/main/AndroidManifest.xml:40:27-74
meta-data#flutterEmbedding
ADDED from src/main/AndroidManifest.xml:45:9-47:33
	android:value
		ADDED from src/main/AndroidManifest.xml:47:13-30
	android:name
		ADDED from src/main/AndroidManifest.xml:46:13-44
uses-sdk
INJECTED from src/main/AndroidManifest.xml reason: use-sdk injection requested
INJECTED from src/main/AndroidManifest.xml
INJECTED from src/main/AndroidManifest.xml
MERGED from [:shared_preferences] AndroidManifest.xml:5:5-44
MERGED from [:shared_preferences] AndroidManifest.xml:5:5-44
MERGED from [:permission_handler] AndroidManifest.xml:5:5-44
MERGED from [:permission_handler] AndroidManifest.xml:5:5-44
MERGED from [:image_picker] AndroidManifest.xml:5:5-44
MERGED from [:image_picker] AndroidManifest.xml:5:5-44
MERGED from [:flutter_plugin_android_lifecycle] AndroidManifest.xml:5:5-44
MERGED from [:flutter_plugin_android_lifecycle] AndroidManifest.xml:5:5-44
MERGED from [:sqflite] AndroidManifest.xml:5:5-44
MERGED from [:sqflite] AndroidManifest.xml:5:5-44
MERGED from [:path_provider] AndroidManifest.xml:5:5-44
MERGED from [:path_provider] AndroidManifest.xml:5:5-44
MERGED from [:path_provider_ex] AndroidManifest.xml:5:5-44
MERGED from [:path_provider_ex] AndroidManifest.xml:5:5-44
MERGED from [:flutter_pdfview] AndroidManifest.xml:5:5-44
MERGED from [:flutter_pdfview] AndroidManifest.xml:5:5-44
MERGED from [com.github.barteksc:android-pdf-viewer:3.1.0-beta.1] AndroidManifest.xml:7:5-9:41
MERGED from [com.github.barteksc:android-pdf-viewer:3.1.0-beta.1] AndroidManifest.xml:7:5-9:41
MERGED from [com.github.barteksc:pdfium-android:1.9.0] AndroidManifest.xml:7:5-9:41
MERGED from [com.github.barteksc:pdfium-android:1.9.0] AndroidManifest.xml:7:5-9:41
MERGED from [androidx.legacy:legacy-support-v4:1.0.0] AndroidManifest.xml:20:5-44
MERGED from [androidx.legacy:legacy-support-v4:1.0.0] AndroidManifest.xml:20:5-44
MERGED from [androidx.fragment:fragment:1.1.0] AndroidManifest.xml:20:5-22:41
MERGED from [androidx.fragment:fragment:1.1.0] AndroidManifest.xml:20:5-22:41
MERGED from [androidx.legacy:legacy-support-core-ui:1.0.0] AndroidManifest.xml:20:5-44
MERGED from [androidx.legacy:legacy-support-core-ui:1.0.0] AndroidManifest.xml:20:5-44
MERGED from [androidx.viewpager:viewpager:1.0.0] AndroidManifest.xml:20:5-44
MERGED from [androidx.viewpager:viewpager:1.0.0] AndroidManifest.xml:20:5-44
MERGED from [androidx.legacy:legacy-support-core-utils:1.0.0] AndroidManifest.xml:20:5-44
MERGED from [androidx.legacy:legacy-support-core-utils:1.0.0] AndroidManifest.xml:20:5-44
MERGED from [androidx.loader:loader:1.0.0] AndroidManifest.xml:20:5-44
MERGED from [androidx.loader:loader:1.0.0] AndroidManifest.xml:20:5-44
MERGED from [androidx.activity:activity:1.0.0] AndroidManifest.xml:20:5-22:41
MERGED from [androidx.activity:activity:1.0.0] AndroidManifest.xml:20:5-22:41
MERGED from [androidx.coordinatorlayout:coordinatorlayout:1.0.0] AndroidManifest.xml:20:5-44
MERGED from [androidx.coordinatorlayout:coordinatorlayout:1.0.0] AndroidManifest.xml:20:5-44
MERGED from [androidx.drawerlayout:drawerlayout:1.0.0] AndroidManifest.xml:20:5-44
MERGED from [androidx.drawerlayout:drawerlayout:1.0.0] AndroidManifest.xml:20:5-44
MERGED from [androidx.slidingpanelayout:slidingpanelayout:1.0.0] AndroidManifest.xml:20:5-44
MERGED from [androidx.slidingpanelayout:slidingpanelayout:1.0.0] AndroidManifest.xml:20:5-44
MERGED from [androidx.customview:customview:1.0.0] AndroidManifest.xml:20:5-44
MERGED from [androidx.customview:customview:1.0.0] AndroidManifest.xml:20:5-44
MERGED from [androidx.media:media:1.0.0] AndroidManifest.xml:20:5-44
MERGED from [androidx.media:media:1.0.0] AndroidManifest.xml:20:5-44
MERGED from [androidx.swiperefreshlayout:swiperefreshlayout:1.0.0] AndroidManifest.xml:20:5-44
MERGED from [androidx.swiperefreshlayout:swiperefreshlayout:1.0.0] AndroidManifest.xml:20:5-44
MERGED from [androidx.asynclayoutinflater:asynclayoutinflater:1.0.0] AndroidManifest.xml:20:5-44
MERGED from [androidx.asynclayoutinflater:asynclayoutinflater:1.0.0] AndroidManifest.xml:20:5-44
MERGED from [androidx.core:core:1.1.0] AndroidManifest.xml:20:5-22:41
MERGED from [androidx.core:core:1.1.0] AndroidManifest.xml:20:5-22:41
MERGED from [androidx.exifinterface:exifinterface:1.3.0] AndroidManifest.xml:20:5-22:41
MERGED from [androidx.exifinterface:exifinterface:1.3.0] AndroidManifest.xml:20:5-22:41
MERGED from [androidx.lifecycle:lifecycle-runtime:2.2.0] AndroidManifest.xml:20:5-22:41
MERGED from [androidx.lifecycle:lifecycle-runtime:2.2.0] AndroidManifest.xml:20:5-22:41
MERGED from [androidx.savedstate:savedstate:1.0.0] AndroidManifest.xml:20:5-22:41
MERGED from [androidx.savedstate:savedstate:1.0.0] AndroidManifest.xml:20:5-22:41
MERGED from [androidx.lifecycle:lifecycle-livedata:2.0.0] AndroidManifest.xml:20:5-44
MERGED from [androidx.lifecycle:lifecycle-livedata:2.0.0] AndroidManifest.xml:20:5-44
MERGED from [androidx.lifecycle:lifecycle-livedata-core:2.0.0] AndroidManifest.xml:20:5-44
MERGED from [androidx.lifecycle:lifecycle-livedata-core:2.0.0] AndroidManifest.xml:20:5-44
MERGED from [androidx.versionedparcelable:versionedparcelable:1.1.0] AndroidManifest.xml:20:5-22:41
MERGED from [androidx.versionedparcelable:versionedparcelable:1.1.0] AndroidManifest.xml:20:5-22:41
MERGED from [androidx.arch.core:core-runtime:2.0.0] AndroidManifest.xml:20:5-44
MERGED from [androidx.arch.core:core-runtime:2.0.0] AndroidManifest.xml:20:5-44
MERGED from [androidx.lifecycle:lifecycle-viewmodel:2.1.0] AndroidManifest.xml:20:5-44
MERGED from [androidx.lifecycle:lifecycle-viewmodel:2.1.0] AndroidManifest.xml:20:5-44
MERGED from [androidx.documentfile:documentfile:1.0.0] AndroidManifest.xml:20:5-44
MERGED from [androidx.documentfile:documentfile:1.0.0] AndroidManifest.xml:20:5-44
MERGED from [androidx.localbroadcastmanager:localbroadcastmanager:1.0.0] AndroidManifest.xml:20:5-44
MERGED from [androidx.localbroadcastmanager:localbroadcastmanager:1.0.0] AndroidManifest.xml:20:5-44
MERGED from [androidx.print:print:1.0.0] AndroidManifest.xml:20:5-44
MERGED from [androidx.print:print:1.0.0] AndroidManifest.xml:20:5-44
MERGED from [androidx.interpolator:interpolator:1.0.0] AndroidManifest.xml:20:5-44
MERGED from [androidx.interpolator:interpolator:1.0.0] AndroidManifest.xml:20:5-44
MERGED from [androidx.cursoradapter:cursoradapter:1.0.0] AndroidManifest.xml:20:5-44
MERGED from [androidx.cursoradapter:cursoradapter:1.0.0] AndroidManifest.xml:20:5-44
INJECTED from src/debug/AndroidManifest.xml
INJECTED from src/debug/AndroidManifest.xml
	android:targetSdkVersion
		INJECTED from src/main/AndroidManifest.xml
		INJECTED from src/debug/AndroidManifest.xml
	android:minSdkVersion
		INJECTED from src/main/AndroidManifest.xml
		INJECTED from src/debug/AndroidManifest.xml
provider#io.flutter.plugins.imagepicker.ImagePickerFileProvider
ADDED from [:image_picker] AndroidManifest.xml:11:9-19:20
	android:grantUriPermissions
		ADDED from [:image_picker] AndroidManifest.xml:15:13-47
	android:authorities
		ADDED from [:image_picker] AndroidManifest.xml:13:13-74
	android:exported
		ADDED from [:image_picker] AndroidManifest.xml:14:13-37
	android:name
		ADDED from [:image_picker] AndroidManifest.xml:12:13-82
meta-data#android.support.FILE_PROVIDER_PATHS
ADDED from [:image_picker] AndroidManifest.xml:16:13-18:75
	android:resource
		ADDED from [:image_picker] AndroidManifest.xml:18:17-72
	android:name
		ADDED from [:image_picker] AndroidManifest.xml:17:17-67